<?xml version="1.0" encoding="UTF-8"?>
<!-- Generated by org.testng.reporters.JUnitXMLReporter -->
<testsuite hostname="USHYDMMEDAVARA3" ignored="2" name="Default test" tests="1" failures="0" timestamp="29 Mar 2018 06:58:42 GMT" time="0.093" errors="0">
  <testcase name="test2" time="0.062" classname="org.sample.AppTest"/>
  <testcase name="test1" time="0.0" classname="org.sample.AppTest">
    <ignored/>
  </testcase> <!-- test1 -->
  <testcase name="test3" time="0.0" classname="org.sample.AppTest">
    <ignored/>
  </testcase> <!-- test3 -->
</testsuite> <!-- Default test -->
