<?xml version="1.0" encoding="UTF-8"?>
<testng-results skipped="0" failed="0" ignored="2" total="3" passed="1">
  <reporter-output>
  </reporter-output>
  <suite name="Default suite" duration-ms="104" started-at="2018-03-29T04:48:30Z" finished-at="2018-03-29T04:48:30Z">
    <groups>
    </groups>
    <test name="Default test" duration-ms="104" started-at="2018-03-29T04:48:30Z" finished-at="2018-03-29T04:48:30Z">
      <class name="org.sample.AppTest">
        <test-method status="PASS" signature="test2()[pri:0, instance:org.sample.AppTest@724af044]" name="test2" duration-ms="73" started-at="2018-03-29T10:18:30Z" finished-at="2018-03-29T10:18:30Z">
          <reporter-output>
          </reporter-output>
        </test-method> <!-- test2 -->
      </class> <!-- org.sample.AppTest -->
    </test> <!-- Default test -->
  </suite> <!-- Default suite -->
</testng-results>
